set -o pipefail; /usr/bin/mariadb-dump --user=_4220b1e2e1e43b95 --host=127.0.0.1 --port=3306 --password=********** --single-transaction --quick --lock-tables=false _4220b1e2e1e43b95 | /usr/bin/gzip >> ./aminds.com/private/backups/20240423_120001-aminds_com-database.sql.gz

Backup Summary for aminds.com at 2024-04-23 12:00:02.403584
Config  : ./aminds.com/private/backups/20240423_120001-aminds_com-site_config_backup.json 94.0B
Database: ./aminds.com/private/backups/20240423_120001-aminds_com-database.sql.gz         260.0KiB
Backup for Site aminds.com has been successfully completed
set -o pipefail; /usr/bin/mariadb-dump --user=_4220b1e2e1e43b95 --host=127.0.0.1 --port=3306 --password=********** --single-transaction --quick --lock-tables=false _4220b1e2e1e43b95 | /usr/bin/gzip >> ./aminds.com/private/backups/20240424_120001-aminds_com-database.sql.gz

Backup Summary for aminds.com at 2024-04-24 12:00:03.341772
Config  : ./aminds.com/private/backups/20240424_120001-aminds_com-site_config_backup.json 94.0B
Database: ./aminds.com/private/backups/20240424_120001-aminds_com-database.sql.gz         1.1MiB
Backup for Site aminds.com has been successfully completed
set -o pipefail; /usr/bin/mariadb-dump --user=_4220b1e2e1e43b95 --host=127.0.0.1 --port=3306 --password=********** --single-transaction --quick --lock-tables=false _4220b1e2e1e43b95 | /usr/bin/gzip >> ./aminds.com/private/backups/20240424_180002-aminds_com-database.sql.gz

Backup Summary for aminds.com at 2024-04-24 18:00:04.173654
Config  : ./aminds.com/private/backups/20240424_180002-aminds_com-site_config_backup.json 94.0B
Database: ./aminds.com/private/backups/20240424_180002-aminds_com-database.sql.gz         1.1MiB
Backup for Site aminds.com has been successfully completed
set -o pipefail; /usr/bin/mariadb-dump --user=_4220b1e2e1e43b95 --host=127.0.0.1 --port=3306 --password=********** --single-transaction --quick --lock-tables=false _4220b1e2e1e43b95 | /usr/bin/gzip >> ./aminds.com/private/backups/20240425_120002-aminds_com-database.sql.gz

Backup Summary for aminds.com at 2024-04-25 12:00:04.154733
Config  : ./aminds.com/private/backups/20240425_120002-aminds_com-site_config_backup.json 94.0B
Database: ./aminds.com/private/backups/20240425_120002-aminds_com-database.sql.gz         1.1MiB
Backup for Site aminds.com has been successfully completed
